<?xml version="1.0" encoding="UTF-8"?>
<!-- Generated by org.testng.reporters.JUnitReportReporter -->
<testsuite hostname="Souabh" failures="0" tests="3" name="TestNG.testng" time="19.138" errors="0" timestamp="30 Oct 2022 16:05:28 GMT">
  <testcase classname="TestNG.testng" name="testcase3" time="14.501"/>
  <testcase classname="TestNG.testng" name="testcase2" time="1.327"/>
  <testcase classname="TestNG.testng" name="testcase1" time="3.310"/>
</testsuite> <!-- TestNG.testng -->
